2025-12-17 15:13:53,167 [INFO] [Регистрация ФО] Финансовая организация 1 - Финансовая организация Финансовая организация 1 зарегистрирована в системе
2025-12-17 15:13:53,409 [INFO] [Регистрация ФО] Финансовая организация 2 - Финансовая организация Финансовая организация 2 зарегистрирована в системе
2025-12-17 15:13:53,417 [INFO] [Создание участника] Физическое лицо #6af4 - Создан пользователь типа INDIVIDUAL
2025-12-17 15:13:53,424 [INFO] [Создание участника] Физическое лицо #8ea2 - Создан пользователь типа INDIVIDUAL
2025-12-17 15:13:53,432 [INFO] [Создание участника] Физическое лицо #c600 - Создан пользователь типа INDIVIDUAL
2025-12-17 15:13:53,439 [INFO] [Создание участника] Физическое лицо #3ee8 - Создан пользователь типа INDIVIDUAL
2025-12-17 15:13:53,448 [INFO] [Создание участника] Физическое лицо #0905 - Создан пользователь типа INDIVIDUAL
2025-12-17 15:13:53,455 [INFO] [Создание участника] Юридическое лицо #b467 - Создан пользователь типа BUSINESS
2025-12-17 15:13:53,471 [INFO] [Создание участника] Юридическое лицо #dc03 - Создан пользователь типа BUSINESS
2025-12-17 15:13:53,479 [INFO] [Создание участника] Юридическое лицо #90ca - Создан пользователь типа BUSINESS
2025-12-17 15:13:53,487 [INFO] [Создание участника] Государственное учреждение #2957 - Создан пользователь типа GOVERNMENT
2025-12-17 15:13:53,495 [INFO] [Регистрация госоргана] ЦБ РФ - Гос. учреждение Государственное учреждение #2957 зарегистрировано
2025-12-17 15:14:00,000 [INFO] [Открытие цифрового кошелька] Физическое лицо #6af4 - Цифровой кошелек активирован пользователем
2025-12-17 15:14:02,302 [INFO] [Инициация транзакции] Система - tx_id=tx-46101612, sender_id=1, receiver_id=1, amount=1000.00, bank_id=1
2025-12-17 15:14:02,348 [INFO] [Формирование core] Система - tx_id=tx-46101612, core=tx-46101612:1:1:1000.:2025-12-17T12:14:02.302928
2025-12-17 15:14:02,353 [INFO] [Вычисление хеша транзакции] Система - tx_id=tx-46101612, hash=33f14751990254d8b12d4dc6bcae3c6e
2025-12-17 15:14:02,630 [INFO] [ЭЦП пользователя] Система - tx_id=tx-46101612, user_sig={"r":"1db60663dcccb6de93fe25b05b...
2025-12-17 15:14:02,634 [INFO] [Электронная цифровая подпись банка (ФО)] Система - tx_id=tx-46101612, bank_sig={"r":"3253e51aa07f6b16cf7ed05a7e...
2025-12-17 15:14:02,638 [INFO] [Формирование представления транзакции] Система - tx_id=tx-46101612, sender=1, receiver=1, amount=1000.00
2025-12-17 15:14:02,642 [INFO] [Вычисление хеша транзакции для ЭЦП] Система - tx_id=tx-46101612, хеш для подписи=0983cb41cedad719f5c5106f9326eb4332b61800ba1a906a2fe075265826c3e2
2025-12-17 15:14:02,651 [INFO] [Электронная цифровая подпись (ЭЦП) транзакции] Система - tx_id=tx-46101612, user_sig={"r":"1db60663dcccb6de93fe25b05b..., bank_sig={"r":"3253e51aa07f6b16cf7ed05a7e...
2025-12-17 15:14:02,693 [INFO] [Валидация подписей] Система - tx_id=tx-46101612, подписи валидны, подписи созданы
2025-12-17 15:14:03,358 [INFO] [Репликация блока] Финансовая организация 1 - Блок 1 реплицирован на узел Финансовая организация 1, транзакций: 1
2025-12-17 15:14:03,385 [INFO] [Репликация блока] Финансовая организация 2 - Блок 1 реплицирован на узел Финансовая организация 2, транзакций: 1
2025-12-17 15:14:03,418 [INFO] [Дополнительное распространение блока] P2P Сеть - Блок 1 дополнительно распространен на 2/2 узлов через P2P
2025-12-17 15:14:03,473 [INFO] [Фаза 1. Шаг 1. Передача подписанной транзакции в ФО] Пользователь - Блок 1 | tx=FIAT2DR | сумма=1000.00
2025-12-17 15:14:03,477 [INFO] [Фаза 1. Шаг 2. Первичная валидация транзакции] ФО - Блок 1 | tx=FIAT2DR | сумма=1000.00
2025-12-17 15:14:03,481 [INFO] [Фаза 1. Шаг 3. Отправка пакета в ЦБ РФ] ФО - Блок 1 | tx=FIAT2DR | сумма=1000.00
2025-12-17 15:14:03,485 [INFO] [Фаза 2. Шаг 4. Сбор транзакций от нескольких ФО] ЦБ РФ - Блок 1 | tx=FIAT2DR | сумма=1000.00
2025-12-17 15:14:03,489 [INFO] [Фаза 2. Шаг 5. Формирование блока-кандидата (prev hash, метка времени, nonce, меркле-дерево)] ЦБ РФ - Блок 1 | tx=FIAT2DR | сумма=1000.00
2025-12-17 15:14:03,492 [INFO] [Фаза 3. Шаг 6. Проверка цифровых подписей транзакций] ЦБ РФ - Блок 1 | tx=FIAT2DR | сумма=1000.00
2025-12-17 15:14:03,496 [INFO] [Фаза 3. Шаг 7. Контроль отсутствия двойного списания (UTXO)] ЦБ РФ - Блок 1 | tx=FIAT2DR | сумма=1000.00
2025-12-17 15:14:03,500 [INFO] [Фаза 3. Шаг 8. Проверка форматов данных и лимитов] ЦБ РФ - Блок 1 | tx=FIAT2DR | сумма=1000.00
2025-12-17 15:14:03,505 [INFO] [Фаза 3. Шаг 9. Проверка регуляторных требований] ЦБ РФ - Блок 1 | tx=FIAT2DR | сумма=1000.00
2025-12-17 15:14:03,539 [INFO] [Фаза 4. Шаг 10. Подписание блока приватным ключом] ЦБ РФ - Блок 1 | tx=FIAT2DR | сумма=1000.00
2025-12-17 15:14:03,543 [INFO] [Фаза 4. Шаг 11. Передача подписанного блока в реестр] ЦБ РФ - Блок 1 | tx=FIAT2DR | сумма=1000.00
2025-12-17 15:14:03,547 [INFO] [Фаза 4. Шаг 12. Верификация подписи ЦБ] Главный реестр - Блок 1 | tx=FIAT2DR | сумма=1000.00
2025-12-17 15:14:03,551 [INFO] [Фаза 5. Шаг 13. Распространение блока всем участникам] Распределенный реестр - Блок 1 | tx=FIAT2DR | сумма=1000.00
2025-12-17 15:14:03,555 [INFO] [Фаза 5. Шаг 14. Верификация подписи ЦБ] Банки (ФО) - Блок 1 | tx=FIAT2DR | сумма=1000.00
2025-12-17 15:14:03,559 [INFO] [Фаза 5. Шаг 15. Проверка целостности блока] Банки (ФО) - Блок 1 | tx=FIAT2DR | сумма=1000.00
2025-12-17 15:14:03,562 [INFO] [Фаза 5. Шаг 16. Обновление локальных реестров] Банки (ФО) - Блок 1 | tx=FIAT2DR | сумма=1000.00
2025-12-17 15:14:03,566 [INFO] [Фаза 5. Шаг 17. Применение транзакций к балансам клиентов] Банки (ФО) - Блок 1 | tx=FIAT2DR | сумма=1000.00
2025-12-17 15:14:03,654 [INFO] [Фаза 6. Шаг 18. Подтверждение успешного обновления] Банки (ФО) - Блок 1 | tx=FIAT2DR | сумма=1000.00
2025-12-17 15:14:03,657 [INFO] [Фаза 6. Шаг 19. Получение уведомлений о подтверждении] Пользователи - Блок 1 | tx=FIAT2DR | сумма=1000.00
2025-12-17 15:14:03,662 [INFO] [Конвертация средств] Физическое лицо #6af4 - Пополнение цифрового кошелька на 1000.00 ЦР
2025-12-17 15:14:10,789 [INFO] [Открытие цифрового кошелька] Физическое лицо #8ea2 - Цифровой кошелек активирован пользователем
2025-12-17 15:14:13,258 [INFO] [Инициация транзакции] Система - tx_id=tx-d7b6541e, sender_id=2, receiver_id=2, amount=1000.00, bank_id=2
2025-12-17 15:14:13,304 [INFO] [Формирование core] Система - tx_id=tx-d7b6541e, core=tx-d7b6541e:2:2:1000.:2025-12-17T12:14:13.257899
2025-12-17 15:14:13,310 [INFO] [Вычисление хеша транзакции] Система - tx_id=tx-d7b6541e, hash=be04ed755b665b88bad03cad90b73a84
2025-12-17 15:14:13,475 [INFO] [ЭЦП пользователя] Система - tx_id=tx-d7b6541e, user_sig={"r":"029e4744438c3b9b442ab43de5...
2025-12-17 15:14:13,480 [INFO] [Электронная цифровая подпись банка (ФО)] Система - tx_id=tx-d7b6541e, bank_sig={"r":"01cee0cf3e5b9f48508e522b04...
2025-12-17 15:14:13,484 [INFO] [Формирование представления транзакции] Система - tx_id=tx-d7b6541e, sender=2, receiver=2, amount=1000.00
2025-12-17 15:14:13,488 [INFO] [Вычисление хеша транзакции для ЭЦП] Система - tx_id=tx-d7b6541e, хеш для подписи=49c2e15d67dcf7aa03e71e96a89fa6627e98bf94c6d81cf6d7a8519690703615
2025-12-17 15:14:13,492 [INFO] [Электронная цифровая подпись (ЭЦП) транзакции] Система - tx_id=tx-d7b6541e, user_sig={"r":"029e4744438c3b9b442ab43de5..., bank_sig={"r":"01cee0cf3e5b9f48508e522b04...
2025-12-17 15:14:13,503 [INFO] [Валидация подписей] Система - tx_id=tx-d7b6541e, подписи валидны, подписи созданы
2025-12-17 15:14:13,744 [INFO] [Репликация блока] Финансовая организация 1 - Блок 2 реплицирован на узел Финансовая организация 1, транзакций: 1
2025-12-17 15:14:13,766 [INFO] [Репликация блока] Финансовая организация 2 - Блок 2 реплицирован на узел Финансовая организация 2, транзакций: 1
2025-12-17 15:14:13,792 [INFO] [Дополнительное распространение блока] P2P Сеть - Блок 2 дополнительно распространен на 2/2 узлов через P2P
2025-12-17 15:14:13,798 [INFO] [Фаза 1. Шаг 1. Передача подписанной транзакции в ФО] Пользователь - Блок 2 | tx=FIAT2DR | сумма=1000.00
2025-12-17 15:14:13,802 [INFO] [Фаза 1. Шаг 2. Первичная валидация транзакции] ФО - Блок 2 | tx=FIAT2DR | сумма=1000.00
2025-12-17 15:14:13,806 [INFO] [Фаза 1. Шаг 3. Отправка пакета в ЦБ РФ] ФО - Блок 2 | tx=FIAT2DR | сумма=1000.00
2025-12-17 15:14:13,809 [INFO] [Фаза 2. Шаг 4. Сбор транзакций от нескольких ФО] ЦБ РФ - Блок 2 | tx=FIAT2DR | сумма=1000.00
2025-12-17 15:14:13,813 [INFO] [Фаза 2. Шаг 5. Формирование блока-кандидата (prev hash, метка времени, nonce, меркле-дерево)] ЦБ РФ - Блок 2 | tx=FIAT2DR | сумма=1000.00
2025-12-17 15:14:13,817 [INFO] [Фаза 3. Шаг 6. Проверка цифровых подписей транзакций] ЦБ РФ - Блок 2 | tx=FIAT2DR | сумма=1000.00
2025-12-17 15:14:13,821 [INFO] [Фаза 3. Шаг 7. Контроль отсутствия двойного списания (UTXO)] ЦБ РФ - Блок 2 | tx=FIAT2DR | сумма=1000.00
2025-12-17 15:14:13,824 [INFO] [Фаза 3. Шаг 8. Проверка форматов данных и лимитов] ЦБ РФ - Блок 2 | tx=FIAT2DR | сумма=1000.00
2025-12-17 15:14:13,827 [INFO] [Фаза 3. Шаг 9. Проверка регуляторных требований] ЦБ РФ - Блок 2 | tx=FIAT2DR | сумма=1000.00
2025-12-17 15:14:13,831 [INFO] [Фаза 4. Шаг 10. Подписание блока приватным ключом] ЦБ РФ - Блок 2 | tx=FIAT2DR | сумма=1000.00
2025-12-17 15:14:13,834 [INFO] [Фаза 4. Шаг 11. Передача подписанного блока в реестр] ЦБ РФ - Блок 2 | tx=FIAT2DR | сумма=1000.00
2025-12-17 15:14:13,838 [INFO] [Фаза 4. Шаг 12. Верификация подписи ЦБ] Главный реестр - Блок 2 | tx=FIAT2DR | сумма=1000.00
2025-12-17 15:14:13,841 [INFO] [Фаза 5. Шаг 13. Распространение блока всем участникам] Распределенный реестр - Блок 2 | tx=FIAT2DR | сумма=1000.00
2025-12-17 15:14:13,845 [INFO] [Фаза 5. Шаг 14. Верификация подписи ЦБ] Банки (ФО) - Блок 2 | tx=FIAT2DR | сумма=1000.00
2025-12-17 15:14:13,849 [INFO] [Фаза 5. Шаг 15. Проверка целостности блока] Банки (ФО) - Блок 2 | tx=FIAT2DR | сумма=1000.00
2025-12-17 15:14:13,852 [INFO] [Фаза 5. Шаг 16. Обновление локальных реестров] Банки (ФО) - Блок 2 | tx=FIAT2DR | сумма=1000.00
2025-12-17 15:14:13,856 [INFO] [Фаза 5. Шаг 17. Применение транзакций к балансам клиентов] Банки (ФО) - Блок 2 | tx=FIAT2DR | сумма=1000.00
2025-12-17 15:14:13,859 [INFO] [Фаза 6. Шаг 18. Подтверждение успешного обновления] Банки (ФО) - Блок 2 | tx=FIAT2DR | сумма=1000.00
2025-12-17 15:14:13,863 [INFO] [Фаза 6. Шаг 19. Получение уведомлений о подтверждении] Пользователи - Блок 2 | tx=FIAT2DR | сумма=1000.00
2025-12-17 15:14:13,866 [INFO] [Конвертация средств] Физическое лицо #8ea2 - Пополнение цифрового кошелька на 1000.00 ЦР
2025-12-17 15:14:18,384 [INFO] [Шаг 1. Пользователь инициирует онлайн транзакцию] Физическое лицо #6af4 - Перевод 300.00 ЦР от Физическое лицо #6af4 (Финансовая организация 1) к Физическое лицо #8ea2 (Финансовая организация 2)
2025-12-17 15:14:18,389 [INFO] [Шаг 2. Первичная валидация ФО] Финансовая организация 1 - Перевод 300.00 ЦР от Физическое лицо #6af4 (Финансовая организация 1) к Физическое лицо #8ea2 (Финансовая организация 2)
2025-12-17 15:14:18,399 [INFO] [Шаг 3. Проверка цифровой подписи пользователя] Финансовая организация 1 - Перевод 300.00 ЦР от Физическое лицо #6af4 (Финансовая организация 1) к Физическое лицо #8ea2 (Финансовая организация 2)
2025-12-17 15:14:18,403 [INFO] [Шаг 4. Валидация формата транзакции] Финансовая организация 1 - Перевод 300.00 ЦР от Физическое лицо #6af4 (Финансовая организация 1) к Физическое лицо #8ea2 (Финансовая организация 2)
2025-12-17 15:14:18,407 [INFO] [Шаг 5. AML/KYC контроль] Финансовая организация 1 - Перевод 300.00 ЦР от Физическое лицо #6af4 (Финансовая организация 1) к Физическое лицо #8ea2 (Финансовая организация 2)
2025-12-17 15:14:18,411 [INFO] [Шаг 6. Контроль лимитов операции] Финансовая организация 1 - Перевод 300.00 ЦР от Физическое лицо #6af4 (Финансовая организация 1) к Физическое лицо #8ea2 (Финансовая организация 2)
2025-12-17 15:14:18,415 [INFO] [Шаг 7. Формирование пакета транзакции] Финансовая организация 1 - Перевод 300.00 ЦР от Физическое лицо #6af4 (Финансовая организация 1) к Физическое лицо #8ea2 (Финансовая организация 2)
2025-12-17 15:14:18,419 [INFO] [Шаг 8. Подписание пакета цифровой подписью ФО] Финансовая организация 1 - Перевод 300.00 ЦР от Физическое лицо #6af4 (Финансовая организация 1) к Физическое лицо #8ea2 (Финансовая организация 2)
2025-12-17 15:14:18,423 [INFO] [Шаг 10. Верификация подписи ФО] ЦБ РФ - Перевод 300.00 ЦР от Физическое лицо #6af4 (Финансовая организация 1) к Физическое лицо #8ea2 (Финансовая организация 2)
2025-12-17 15:14:18,427 [INFO] [Шаг 11. Проверка на двойную трату (UTXO)] ЦБ РФ - Перевод 300.00 ЦР от Физическое лицо #6af4 (Финансовая организация 1) к Физическое лицо #8ea2 (Финансовая организация 2)
2025-12-17 15:14:18,431 [INFO] [Шаг 12. Централизованная валидация транзакции] ЦБ РФ - Перевод 300.00 ЦР от Физическое лицо #6af4 (Финансовая организация 1) к Физическое лицо #8ea2 (Финансовая организация 2)
2025-12-17 15:14:18,435 [INFO] [Шаг 13. Формирование блока из валидных транзакций] ЦБ РФ - Перевод 300.00 ЦР от Физическое лицо #6af4 (Финансовая организация 1) к Физическое лицо #8ea2 (Финансовая организация 2)
2025-12-17 15:14:18,439 [INFO] [Шаг 14. Подписание блока приватным ключом] ЦБ РФ - Перевод 300.00 ЦР от Физическое лицо #6af4 (Финансовая организация 1) к Физическое лицо #8ea2 (Финансовая организация 2)
2025-12-17 15:14:18,443 [INFO] [Шаг 16. Верификация подписи ЦБ] Главный реестр - Перевод 300.00 ЦР от Физическое лицо #6af4 (Финансовая организация 1) к Физическое лицо #8ea2 (Финансовая организация 2)
2025-12-17 15:14:18,447 [INFO] [Шаг 17. Проверка целостности блока] Главный реестр - Перевод 300.00 ЦР от Физическое лицо #6af4 (Финансовая организация 1) к Физическое лицо #8ea2 (Финансовая организация 2)
2025-12-17 15:14:18,452 [INFO] [Шаг 18. Обновление локального реестра ФО] Финансовая организация 1 - Перевод 300.00 ЦР от Физическое лицо #6af4 (Финансовая организация 1) к Физическое лицо #8ea2 (Финансовая организация 2)
2025-12-17 15:14:18,455 [INFO] [Шаг 19. Применение транзакции к балансам] Финансовая организация 1 - Перевод 300.00 ЦР от Физическое лицо #6af4 (Финансовая организация 1) к Физическое лицо #8ea2 (Финансовая организация 2)
2025-12-17 15:14:18,459 [INFO] [Инициация транзакции] Система - tx_id=tx-519ad565, sender_id=1, receiver_id=2, amount=300.00, bank_id=1
2025-12-17 15:14:18,574 [INFO] [Формирование core] Система - tx_id=tx-519ad565, core=tx-519ad565:1:2:300.:2025-12-17T12:14:18.459744
2025-12-17 15:14:18,579 [INFO] [Вычисление хеша транзакции] Система - tx_id=tx-519ad565, hash=affb256c7f485e2d98acebc684d02c63
2025-12-17 15:14:19,043 [INFO] [ЭЦП пользователя] Система - tx_id=tx-519ad565, user_sig={"r":"3fbd36164e329fef288e761ff5...
2025-12-17 15:14:19,049 [INFO] [Электронная цифровая подпись банка (ФО)] Система - tx_id=tx-519ad565, bank_sig={"r":"0374e74a1a0589ef6b3226166b...
2025-12-17 15:14:19,056 [INFO] [Формирование представления транзакции] Система - tx_id=tx-519ad565, sender=1, receiver=2, amount=300.00
2025-12-17 15:14:19,060 [INFO] [Вычисление хеша транзакции для ЭЦП] Система - tx_id=tx-519ad565, хеш для подписи=4cfd7b876b62b123fb724d38c256feed2ab534f569edbd49108ca21c52e5f92c
2025-12-17 15:14:19,156 [INFO] [Электронная цифровая подпись (ЭЦП) транзакции] Система - tx_id=tx-519ad565, user_sig={"r":"3fbd36164e329fef288e761ff5..., bank_sig={"r":"0374e74a1a0589ef6b3226166b...
2025-12-17 15:14:19,169 [INFO] [Валидация подписей] Система - tx_id=tx-519ad565, подписи валидны, подписи созданы
2025-12-17 15:14:19,189 [INFO] [Обработка UTXO] Система - tx_id=tx-519ad565, sender_id=1, receiver_id=2, amount=300.00, change=700.00
2025-12-17 15:14:19,607 [INFO] [Включение в блок] Система - tx_id=tx-519ad565, block_height=3, block_hash=2ef9815640e575309009443f108b03a06604773986f9a0a4929c7618b758a446
2025-12-17 15:14:19,782 [INFO] [Репликация блока] Финансовая организация 1 - Блок 3 реплицирован на узел Финансовая организация 1, транзакций: 1
2025-12-17 15:14:19,969 [INFO] [Репликация блока] Финансовая организация 2 - Блок 3 реплицирован на узел Финансовая организация 2, транзакций: 1
2025-12-17 15:14:20,004 [INFO] [Дополнительное распространение блока] P2P Сеть - Блок 3 дополнительно распространен на 2/2 узлов через P2P
2025-12-17 15:14:20,022 [INFO] [Репликация на узлы] Система - tx_id=tx-519ad565, bank=Финансовая организация 1, status=успешно
2025-12-17 15:14:20,035 [INFO] [Репликация на узлы] Система - tx_id=tx-519ad565, bank=Финансовая организация 2, status=успешно
2025-12-17 15:14:20,438 [INFO] [Фаза 1. Шаг 1. Передача подписанной транзакции в ФО] Пользователь - Блок 3 | tx=C2C | сумма=300.00
2025-12-17 15:14:20,442 [INFO] [Фаза 1. Шаг 2. Первичная валидация транзакции] ФО - Блок 3 | tx=C2C | сумма=300.00
2025-12-17 15:14:20,447 [INFO] [Фаза 1. Шаг 3. Отправка пакета в ЦБ РФ] ФО - Блок 3 | tx=C2C | сумма=300.00
2025-12-17 15:14:20,451 [INFO] [Фаза 2. Шаг 4. Сбор транзакций от нескольких ФО] ЦБ РФ - Блок 3 | tx=C2C | сумма=300.00
2025-12-17 15:14:20,456 [INFO] [Фаза 2. Шаг 5. Формирование блока-кандидата (prev hash, метка времени, nonce, меркле-дерево)] ЦБ РФ - Блок 3 | tx=C2C | сумма=300.00
2025-12-17 15:14:20,461 [INFO] [Фаза 3. Шаг 6. Проверка цифровых подписей транзакций] ЦБ РФ - Блок 3 | tx=C2C | сумма=300.00
2025-12-17 15:14:20,465 [INFO] [Фаза 3. Шаг 7. Контроль отсутствия двойного списания (UTXO)] ЦБ РФ - Блок 3 | tx=C2C | сумма=300.00
2025-12-17 15:14:20,469 [INFO] [Фаза 3. Шаг 8. Проверка форматов данных и лимитов] ЦБ РФ - Блок 3 | tx=C2C | сумма=300.00
2025-12-17 15:14:20,473 [INFO] [Фаза 3. Шаг 9. Проверка регуляторных требований] ЦБ РФ - Блок 3 | tx=C2C | сумма=300.00
2025-12-17 15:14:20,477 [INFO] [Фаза 4. Шаг 10. Подписание блока приватным ключом] ЦБ РФ - Блок 3 | tx=C2C | сумма=300.00
2025-12-17 15:14:20,481 [INFO] [Фаза 4. Шаг 11. Передача подписанного блока в реестр] ЦБ РФ - Блок 3 | tx=C2C | сумма=300.00
2025-12-17 15:14:20,485 [INFO] [Фаза 4. Шаг 12. Верификация подписи ЦБ] Главный реестр - Блок 3 | tx=C2C | сумма=300.00
2025-12-17 15:14:20,489 [INFO] [Фаза 5. Шаг 13. Распространение блока всем участникам] Распределенный реестр - Блок 3 | tx=C2C | сумма=300.00
2025-12-17 15:14:20,493 [INFO] [Фаза 5. Шаг 14. Верификация подписи ЦБ] Банки (ФО) - Блок 3 | tx=C2C | сумма=300.00
2025-12-17 15:14:20,497 [INFO] [Фаза 5. Шаг 15. Проверка целостности блока] Банки (ФО) - Блок 3 | tx=C2C | сумма=300.00
2025-12-17 15:14:20,501 [INFO] [Фаза 5. Шаг 16. Обновление локальных реестров] Банки (ФО) - Блок 3 | tx=C2C | сумма=300.00
2025-12-17 15:14:20,506 [INFO] [Фаза 5. Шаг 17. Применение транзакций к балансам клиентов] Банки (ФО) - Блок 3 | tx=C2C | сумма=300.00
2025-12-17 15:14:20,510 [INFO] [Фаза 6. Шаг 18. Подтверждение успешного обновления] Банки (ФО) - Блок 3 | tx=C2C | сумма=300.00
2025-12-17 15:14:20,514 [INFO] [Фаза 6. Шаг 19. Получение уведомлений о подтверждении] Пользователи - Блок 3 | tx=C2C | сумма=300.00
2025-12-17 15:14:20,517 [INFO] [Финализация] Система - tx_id=tx-519ad565, транзакция завершена
2025-12-17 15:14:22,281 [INFO] [Шаг 1. Пользователь инициирует онлайн транзакцию] Физическое лицо #6af4 - Перевод 300.00 ЦР от Физическое лицо #6af4 (Финансовая организация 1) к Физическое лицо #8ea2 (Финансовая организация 2)
2025-12-17 15:14:22,287 [INFO] [Шаг 2. Первичная валидация ФО] Финансовая организация 1 - Перевод 300.00 ЦР от Физическое лицо #6af4 (Финансовая организация 1) к Физическое лицо #8ea2 (Финансовая организация 2)
2025-12-17 15:14:22,291 [INFO] [Шаг 3. Проверка цифровой подписи пользователя] Финансовая организация 1 - Перевод 300.00 ЦР от Физическое лицо #6af4 (Финансовая организация 1) к Физическое лицо #8ea2 (Финансовая организация 2)
2025-12-17 15:14:22,294 [INFO] [Шаг 4. Валидация формата транзакции] Финансовая организация 1 - Перевод 300.00 ЦР от Физическое лицо #6af4 (Финансовая организация 1) к Физическое лицо #8ea2 (Финансовая организация 2)
2025-12-17 15:14:22,298 [INFO] [Шаг 5. AML/KYC контроль] Финансовая организация 1 - Перевод 300.00 ЦР от Физическое лицо #6af4 (Финансовая организация 1) к Физическое лицо #8ea2 (Финансовая организация 2)
2025-12-17 15:14:22,302 [INFO] [Шаг 6. Контроль лимитов операции] Финансовая организация 1 - Перевод 300.00 ЦР от Физическое лицо #6af4 (Финансовая организация 1) к Физическое лицо #8ea2 (Финансовая организация 2)
2025-12-17 15:14:22,306 [INFO] [Шаг 7. Формирование пакета транзакции] Финансовая организация 1 - Перевод 300.00 ЦР от Физическое лицо #6af4 (Финансовая организация 1) к Физическое лицо #8ea2 (Финансовая организация 2)
2025-12-17 15:14:22,310 [INFO] [Шаг 8. Подписание пакета цифровой подписью ФО] Финансовая организация 1 - Перевод 300.00 ЦР от Физическое лицо #6af4 (Финансовая организация 1) к Физическое лицо #8ea2 (Финансовая организация 2)
2025-12-17 15:14:22,314 [INFO] [Шаг 10. Верификация подписи ФО] ЦБ РФ - Перевод 300.00 ЦР от Физическое лицо #6af4 (Финансовая организация 1) к Физическое лицо #8ea2 (Финансовая организация 2)
2025-12-17 15:14:22,318 [INFO] [Шаг 11. Проверка на двойную трату (UTXO)] ЦБ РФ - Перевод 300.00 ЦР от Физическое лицо #6af4 (Финансовая организация 1) к Физическое лицо #8ea2 (Финансовая организация 2)
2025-12-17 15:14:22,322 [INFO] [Шаг 12. Централизованная валидация транзакции] ЦБ РФ - Перевод 300.00 ЦР от Физическое лицо #6af4 (Финансовая организация 1) к Физическое лицо #8ea2 (Финансовая организация 2)
2025-12-17 15:14:22,326 [INFO] [Шаг 13. Формирование блока из валидных транзакций] ЦБ РФ - Перевод 300.00 ЦР от Физическое лицо #6af4 (Финансовая организация 1) к Физическое лицо #8ea2 (Финансовая организация 2)
2025-12-17 15:14:22,330 [INFO] [Шаг 14. Подписание блока приватным ключом] ЦБ РФ - Перевод 300.00 ЦР от Физическое лицо #6af4 (Финансовая организация 1) к Физическое лицо #8ea2 (Финансовая организация 2)
2025-12-17 15:14:22,335 [INFO] [Шаг 16. Верификация подписи ЦБ] Главный реестр - Перевод 300.00 ЦР от Физическое лицо #6af4 (Финансовая организация 1) к Физическое лицо #8ea2 (Финансовая организация 2)
2025-12-17 15:14:22,339 [INFO] [Шаг 17. Проверка целостности блока] Главный реестр - Перевод 300.00 ЦР от Физическое лицо #6af4 (Финансовая организация 1) к Физическое лицо #8ea2 (Финансовая организация 2)
2025-12-17 15:14:22,343 [INFO] [Шаг 18. Обновление локального реестра ФО] Финансовая организация 1 - Перевод 300.00 ЦР от Физическое лицо #6af4 (Финансовая организация 1) к Физическое лицо #8ea2 (Финансовая организация 2)
2025-12-17 15:14:22,348 [INFO] [Шаг 19. Применение транзакции к балансам] Финансовая организация 1 - Перевод 300.00 ЦР от Физическое лицо #6af4 (Финансовая организация 1) к Физическое лицо #8ea2 (Финансовая организация 2)
2025-12-17 15:14:22,352 [INFO] [Инициация транзакции] Система - tx_id=tx-0469b411, sender_id=1, receiver_id=2, amount=300.00, bank_id=1
2025-12-17 15:14:22,466 [INFO] [Формирование core] Система - tx_id=tx-0469b411, core=tx-0469b411:1:2:300.:2025-12-17T12:14:22.352084
2025-12-17 15:14:22,471 [INFO] [Вычисление хеша транзакции] Система - tx_id=tx-0469b411, hash=10d40ca0d16d51f6a7bf5deba1d17a20
2025-12-17 15:14:22,962 [INFO] [ЭЦП пользователя] Система - tx_id=tx-0469b411, user_sig={"r":"0eadb6cca7d07eaf76b49df25e...
2025-12-17 15:14:22,967 [INFO] [Электронная цифровая подпись банка (ФО)] Система - tx_id=tx-0469b411, bank_sig={"r":"193768400c459c44f6c22b518c...
2025-12-17 15:14:22,971 [INFO] [Формирование представления транзакции] Система - tx_id=tx-0469b411, sender=1, receiver=2, amount=300.00
2025-12-17 15:14:22,974 [INFO] [Вычисление хеша транзакции для ЭЦП] Система - tx_id=tx-0469b411, хеш для подписи=2cadb87d685ed0f38b7a46acf8fc0122133509e65dc78be97d828f8548074a30
2025-12-17 15:14:22,978 [INFO] [Электронная цифровая подпись (ЭЦП) транзакции] Система - tx_id=tx-0469b411, user_sig={"r":"0eadb6cca7d07eaf76b49df25e..., bank_sig={"r":"193768400c459c44f6c22b518c...
2025-12-17 15:14:22,988 [INFO] [Валидация подписей] Система - tx_id=tx-0469b411, подписи валидны, подписи созданы
2025-12-17 15:14:23,005 [INFO] [Обработка UTXO] Система - tx_id=tx-0469b411, sender_id=1, receiver_id=2, amount=300.00, change=400.00
2025-12-17 15:14:23,463 [INFO] [Включение в блок] Система - tx_id=tx-0469b411, block_height=4, block_hash=4e91f9a6397a877182bc3d8906171b530ce1529a995de74a374a9d7d2bed8de6
2025-12-17 15:14:23,523 [INFO] [Репликация блока] Финансовая организация 1 - Блок 4 реплицирован на узел Финансовая организация 1, транзакций: 1
2025-12-17 15:14:23,547 [INFO] [Репликация блока] Финансовая организация 2 - Блок 4 реплицирован на узел Финансовая организация 2, транзакций: 1
2025-12-17 15:14:23,582 [INFO] [Дополнительное распространение блока] P2P Сеть - Блок 4 дополнительно распространен на 2/2 узлов через P2P
2025-12-17 15:14:23,601 [INFO] [Репликация на узлы] Система - tx_id=tx-0469b411, bank=Финансовая организация 1, status=успешно
2025-12-17 15:14:23,615 [INFO] [Репликация на узлы] Система - tx_id=tx-0469b411, bank=Финансовая организация 2, status=успешно
2025-12-17 15:14:23,619 [INFO] [Фаза 1. Шаг 1. Передача подписанной транзакции в ФО] Пользователь - Блок 4 | tx=C2C | сумма=300.00
2025-12-17 15:14:23,625 [INFO] [Фаза 1. Шаг 2. Первичная валидация транзакции] ФО - Блок 4 | tx=C2C | сумма=300.00
2025-12-17 15:14:23,629 [INFO] [Фаза 1. Шаг 3. Отправка пакета в ЦБ РФ] ФО - Блок 4 | tx=C2C | сумма=300.00
2025-12-17 15:14:23,633 [INFO] [Фаза 2. Шаг 4. Сбор транзакций от нескольких ФО] ЦБ РФ - Блок 4 | tx=C2C | сумма=300.00
2025-12-17 15:14:23,638 [INFO] [Фаза 2. Шаг 5. Формирование блока-кандидата (prev hash, метка времени, nonce, меркле-дерево)] ЦБ РФ - Блок 4 | tx=C2C | сумма=300.00
2025-12-17 15:14:23,642 [INFO] [Фаза 3. Шаг 6. Проверка цифровых подписей транзакций] ЦБ РФ - Блок 4 | tx=C2C | сумма=300.00
2025-12-17 15:14:23,646 [INFO] [Фаза 3. Шаг 7. Контроль отсутствия двойного списания (UTXO)] ЦБ РФ - Блок 4 | tx=C2C | сумма=300.00
2025-12-17 15:14:23,650 [INFO] [Фаза 3. Шаг 8. Проверка форматов данных и лимитов] ЦБ РФ - Блок 4 | tx=C2C | сумма=300.00
2025-12-17 15:14:23,655 [INFO] [Фаза 3. Шаг 9. Проверка регуляторных требований] ЦБ РФ - Блок 4 | tx=C2C | сумма=300.00
2025-12-17 15:14:23,659 [INFO] [Фаза 4. Шаг 10. Подписание блока приватным ключом] ЦБ РФ - Блок 4 | tx=C2C | сумма=300.00
2025-12-17 15:14:23,663 [INFO] [Фаза 4. Шаг 11. Передача подписанного блока в реестр] ЦБ РФ - Блок 4 | tx=C2C | сумма=300.00
2025-12-17 15:14:23,668 [INFO] [Фаза 4. Шаг 12. Верификация подписи ЦБ] Главный реестр - Блок 4 | tx=C2C | сумма=300.00
2025-12-17 15:14:23,672 [INFO] [Фаза 5. Шаг 13. Распространение блока всем участникам] Распределенный реестр - Блок 4 | tx=C2C | сумма=300.00
2025-12-17 15:14:23,676 [INFO] [Фаза 5. Шаг 14. Верификация подписи ЦБ] Банки (ФО) - Блок 4 | tx=C2C | сумма=300.00
2025-12-17 15:14:23,680 [INFO] [Фаза 5. Шаг 15. Проверка целостности блока] Банки (ФО) - Блок 4 | tx=C2C | сумма=300.00
2025-12-17 15:14:23,684 [INFO] [Фаза 5. Шаг 16. Обновление локальных реестров] Банки (ФО) - Блок 4 | tx=C2C | сумма=300.00
2025-12-17 15:14:23,688 [INFO] [Фаза 5. Шаг 17. Применение транзакций к балансам клиентов] Банки (ФО) - Блок 4 | tx=C2C | сумма=300.00
2025-12-17 15:14:23,692 [INFO] [Фаза 6. Шаг 18. Подтверждение успешного обновления] Банки (ФО) - Блок 4 | tx=C2C | сумма=300.00
2025-12-17 15:14:23,696 [INFO] [Фаза 6. Шаг 19. Получение уведомлений о подтверждении] Пользователи - Блок 4 | tx=C2C | сумма=300.00
2025-12-17 15:14:23,700 [INFO] [Финализация] Система - tx_id=tx-0469b411, транзакция завершена
2025-12-17 15:14:25,925 [INFO] [Активация оффлайн-кошелька] Физическое лицо #6af4 - Оффлайн кошелек активирован на 14 дней
2025-12-17 15:14:28,210 [INFO] [Инициация транзакции] Система - tx_id=tx-c47cf119, sender_id=1, receiver_id=1, amount=100.00, bank_id=1
2025-12-17 15:14:28,257 [INFO] [Формирование core] Система - tx_id=tx-c47cf119, core=tx-c47cf119:1:1:100.:2025-12-17T12:14:28.210298
2025-12-17 15:14:28,262 [INFO] [Вычисление хеша транзакции] Система - tx_id=tx-c47cf119, hash=7821605f98c55ae4a863fbfb76e4b8ed
2025-12-17 15:14:28,429 [INFO] [ЭЦП пользователя] Система - tx_id=tx-c47cf119, user_sig={"r":"1f5aeee120733bf26baf4c6f09...
2025-12-17 15:14:28,435 [INFO] [Электронная цифровая подпись банка (ФО)] Система - tx_id=tx-c47cf119, bank_sig={"r":"029c0a193f3bb0b0e542d2b67a...
2025-12-17 15:14:28,438 [INFO] [Формирование представления транзакции] Система - tx_id=tx-c47cf119, sender=1, receiver=1, amount=100.00
2025-12-17 15:14:28,442 [INFO] [Вычисление хеша транзакции для ЭЦП] Система - tx_id=tx-c47cf119, хеш для подписи=f1275a0f42f0d2045b6d977f44a837d23a00cef54826e96d45a5e9e0209bdcd0
2025-12-17 15:14:28,446 [INFO] [Электронная цифровая подпись (ЭЦП) транзакции] Система - tx_id=tx-c47cf119, user_sig={"r":"1f5aeee120733bf26baf4c6f09..., bank_sig={"r":"029c0a193f3bb0b0e542d2b67a...
2025-12-17 15:14:28,456 [INFO] [Валидация подписей] Система - tx_id=tx-c47cf119, подписи валидны, подписи созданы
2025-12-17 15:14:28,462 [INFO] [Автодобавление UTXO] ЦБ РФ - Создано UTXO ux-97490b87 на 100.00 ЦР для пополнения оффлайн кошелька
2025-12-17 15:14:28,469 [INFO] [Инициация транзакции] Система - tx_id=tx-6c306d36, sender_id=1, receiver_id=1, amount=500.00, bank_id=1
2025-12-17 15:14:28,515 [INFO] [Формирование core] Система - tx_id=tx-6c306d36, core=tx-6c306d36:1:1:500.:2025-12-17T12:14:28.469999
2025-12-17 15:14:28,521 [INFO] [Вычисление хеша транзакции] Система - tx_id=tx-6c306d36, hash=371be86533ca51b8ad26880f52d56fbc
2025-12-17 15:14:28,684 [INFO] [ЭЦП пользователя] Система - tx_id=tx-6c306d36, user_sig={"r":"1a876444dd06a95755c6a4dd57...
2025-12-17 15:14:28,689 [INFO] [Электронная цифровая подпись банка (ФО)] Система - tx_id=tx-6c306d36, bank_sig={"r":"06ea62cac1f9f29939f67e164d...
2025-12-17 15:14:28,693 [INFO] [Формирование представления транзакции] Система - tx_id=tx-6c306d36, sender=1, receiver=1, amount=500.00
2025-12-17 15:14:28,697 [INFO] [Вычисление хеша транзакции для ЭЦП] Система - tx_id=tx-6c306d36, хеш для подписи=a480bdbad5f2abdbfe7cce0db6ba31f548ebd881ee6140d5d562b2962eb8fe15
2025-12-17 15:14:28,701 [INFO] [Электронная цифровая подпись (ЭЦП) транзакции] Система - tx_id=tx-6c306d36, user_sig={"r":"1a876444dd06a95755c6a4dd57..., bank_sig={"r":"06ea62cac1f9f29939f67e164d...
2025-12-17 15:14:28,710 [INFO] [Валидация подписей] Система - tx_id=tx-6c306d36, подписи валидны, подписи созданы
2025-12-17 15:14:28,969 [INFO] [Репликация блока] Финансовая организация 1 - Блок 5 реплицирован на узел Финансовая организация 1, транзакций: 1
2025-12-17 15:14:28,989 [INFO] [Репликация блока] Финансовая организация 2 - Блок 5 реплицирован на узел Финансовая организация 2, транзакций: 1
2025-12-17 15:14:29,015 [INFO] [Дополнительное распространение блока] P2P Сеть - Блок 5 дополнительно распространен на 2/2 узлов через P2P
2025-12-17 15:14:29,027 [INFO] [Фаза 1. Шаг 1. Передача подписанной транзакции в ФО] Пользователь - Блок 5 | tx=OFFLINE_FUND | сумма=500.00
2025-12-17 15:14:29,031 [INFO] [Фаза 1. Шаг 2. Первичная валидация транзакции] ФО - Блок 5 | tx=OFFLINE_FUND | сумма=500.00
2025-12-17 15:14:29,034 [INFO] [Фаза 1. Шаг 3. Отправка пакета в ЦБ РФ] ФО - Блок 5 | tx=OFFLINE_FUND | сумма=500.00
2025-12-17 15:14:29,037 [INFO] [Фаза 2. Шаг 4. Сбор транзакций от нескольких ФО] ЦБ РФ - Блок 5 | tx=OFFLINE_FUND | сумма=500.00
2025-12-17 15:14:29,041 [INFO] [Фаза 2. Шаг 5. Формирование блока-кандидата (prev hash, метка времени, nonce, меркле-дерево)] ЦБ РФ - Блок 5 | tx=OFFLINE_FUND | сумма=500.00
2025-12-17 15:14:29,045 [INFO] [Фаза 3. Шаг 6. Проверка цифровых подписей транзакций] ЦБ РФ - Блок 5 | tx=OFFLINE_FUND | сумма=500.00
2025-12-17 15:14:29,048 [INFO] [Фаза 3. Шаг 7. Контроль отсутствия двойного списания (UTXO)] ЦБ РФ - Блок 5 | tx=OFFLINE_FUND | сумма=500.00
2025-12-17 15:14:29,052 [INFO] [Фаза 3. Шаг 8. Проверка форматов данных и лимитов] ЦБ РФ - Блок 5 | tx=OFFLINE_FUND | сумма=500.00
2025-12-17 15:14:29,056 [INFO] [Фаза 3. Шаг 9. Проверка регуляторных требований] ЦБ РФ - Блок 5 | tx=OFFLINE_FUND | сумма=500.00
2025-12-17 15:14:29,059 [INFO] [Фаза 4. Шаг 10. Подписание блока приватным ключом] ЦБ РФ - Блок 5 | tx=OFFLINE_FUND | сумма=500.00
2025-12-17 15:14:29,063 [INFO] [Фаза 4. Шаг 11. Передача подписанного блока в реестр] ЦБ РФ - Блок 5 | tx=OFFLINE_FUND | сумма=500.00
2025-12-17 15:14:29,067 [INFO] [Фаза 4. Шаг 12. Верификация подписи ЦБ] Главный реестр - Блок 5 | tx=OFFLINE_FUND | сумма=500.00
2025-12-17 15:14:29,070 [INFO] [Фаза 5. Шаг 13. Распространение блока всем участникам] Распределенный реестр - Блок 5 | tx=OFFLINE_FUND | сумма=500.00
2025-12-17 15:14:29,075 [INFO] [Фаза 5. Шаг 14. Верификация подписи ЦБ] Банки (ФО) - Блок 5 | tx=OFFLINE_FUND | сумма=500.00
2025-12-17 15:14:29,078 [INFO] [Фаза 5. Шаг 15. Проверка целостности блока] Банки (ФО) - Блок 5 | tx=OFFLINE_FUND | сумма=500.00
2025-12-17 15:14:29,081 [INFO] [Фаза 5. Шаг 16. Обновление локальных реестров] Банки (ФО) - Блок 5 | tx=OFFLINE_FUND | сумма=500.00
2025-12-17 15:14:29,085 [INFO] [Фаза 5. Шаг 17. Применение транзакций к балансам клиентов] Банки (ФО) - Блок 5 | tx=OFFLINE_FUND | сумма=500.00
2025-12-17 15:14:29,089 [INFO] [Фаза 6. Шаг 18. Подтверждение успешного обновления] Банки (ФО) - Блок 5 | tx=OFFLINE_FUND | сумма=500.00
2025-12-17 15:14:29,093 [INFO] [Фаза 6. Шаг 19. Получение уведомлений о подтверждении] Пользователи - Блок 5 | tx=OFFLINE_FUND | сумма=500.00
2025-12-17 15:14:29,097 [INFO] [Резерв для оффлайн] Физическое лицо #6af4 - В оффлайн кошелек переведено 500.00 ЦР
2025-12-17 15:14:33,836 [INFO] [Активация оффлайн-кошелька] Физическое лицо #8ea2 - Оффлайн кошелек активирован на 14 дней
2025-12-17 15:14:35,867 [INFO] [Инициация транзакции] Система - tx_id=tx-6c1cfb84, sender_id=2, receiver_id=2, amount=500.00, bank_id=2
2025-12-17 15:14:35,980 [INFO] [Формирование core] Система - tx_id=tx-6c1cfb84, core=tx-6c1cfb84:2:2:500.:2025-12-17T12:14:35.867219
2025-12-17 15:14:35,984 [INFO] [Вычисление хеша транзакции] Система - tx_id=tx-6c1cfb84, hash=d88fa6d4f4a655dc8e12de56a0a414d2
2025-12-17 15:14:36,407 [INFO] [ЭЦП пользователя] Система - tx_id=tx-6c1cfb84, user_sig={"r":"36fbe1e6258a79bb349ea08b40...
2025-12-17 15:14:36,413 [INFO] [Электронная цифровая подпись банка (ФО)] Система - tx_id=tx-6c1cfb84, bank_sig={"r":"14dd56f6f112a0907a1514f1b2...
2025-12-17 15:14:36,416 [INFO] [Формирование представления транзакции] Система - tx_id=tx-6c1cfb84, sender=2, receiver=2, amount=500.00
2025-12-17 15:14:36,420 [INFO] [Вычисление хеша транзакции для ЭЦП] Система - tx_id=tx-6c1cfb84, хеш для подписи=58d7702e4ff27c3253c5af899fd521205a91e6a7d5c4055dabb87d50ff5a865e
2025-12-17 15:14:36,424 [INFO] [Электронная цифровая подпись (ЭЦП) транзакции] Система - tx_id=tx-6c1cfb84, user_sig={"r":"36fbe1e6258a79bb349ea08b40..., bank_sig={"r":"14dd56f6f112a0907a1514f1b2...
2025-12-17 15:14:36,435 [INFO] [Валидация подписей] Система - tx_id=tx-6c1cfb84, подписи валидны, подписи созданы
2025-12-17 15:14:36,985 [INFO] [Репликация блока] Финансовая организация 1 - Блок 6 реплицирован на узел Финансовая организация 1, транзакций: 1
2025-12-17 15:14:37,010 [INFO] [Репликация блока] Финансовая организация 2 - Блок 6 реплицирован на узел Финансовая организация 2, транзакций: 1
2025-12-17 15:14:37,045 [INFO] [Дополнительное распространение блока] P2P Сеть - Блок 6 дополнительно распространен на 2/2 узлов через P2P
2025-12-17 15:14:37,053 [INFO] [Фаза 1. Шаг 1. Передача подписанной транзакции в ФО] Пользователь - Блок 6 | tx=OFFLINE_FUND | сумма=500.00
2025-12-17 15:14:37,056 [INFO] [Фаза 1. Шаг 2. Первичная валидация транзакции] ФО - Блок 6 | tx=OFFLINE_FUND | сумма=500.00
2025-12-17 15:14:37,061 [INFO] [Фаза 1. Шаг 3. Отправка пакета в ЦБ РФ] ФО - Блок 6 | tx=OFFLINE_FUND | сумма=500.00
2025-12-17 15:14:37,065 [INFO] [Фаза 2. Шаг 4. Сбор транзакций от нескольких ФО] ЦБ РФ - Блок 6 | tx=OFFLINE_FUND | сумма=500.00
2025-12-17 15:14:37,069 [INFO] [Фаза 2. Шаг 5. Формирование блока-кандидата (prev hash, метка времени, nonce, меркле-дерево)] ЦБ РФ - Блок 6 | tx=OFFLINE_FUND | сумма=500.00
2025-12-17 15:14:37,073 [INFO] [Фаза 3. Шаг 6. Проверка цифровых подписей транзакций] ЦБ РФ - Блок 6 | tx=OFFLINE_FUND | сумма=500.00
2025-12-17 15:14:37,077 [INFO] [Фаза 3. Шаг 7. Контроль отсутствия двойного списания (UTXO)] ЦБ РФ - Блок 6 | tx=OFFLINE_FUND | сумма=500.00
2025-12-17 15:14:37,081 [INFO] [Фаза 3. Шаг 8. Проверка форматов данных и лимитов] ЦБ РФ - Блок 6 | tx=OFFLINE_FUND | сумма=500.00
2025-12-17 15:14:37,085 [INFO] [Фаза 3. Шаг 9. Проверка регуляторных требований] ЦБ РФ - Блок 6 | tx=OFFLINE_FUND | сумма=500.00
2025-12-17 15:14:37,089 [INFO] [Фаза 4. Шаг 10. Подписание блока приватным ключом] ЦБ РФ - Блок 6 | tx=OFFLINE_FUND | сумма=500.00
2025-12-17 15:14:37,093 [INFO] [Фаза 4. Шаг 11. Передача подписанного блока в реестр] ЦБ РФ - Блок 6 | tx=OFFLINE_FUND | сумма=500.00
2025-12-17 15:14:37,097 [INFO] [Фаза 4. Шаг 12. Верификация подписи ЦБ] Главный реестр - Блок 6 | tx=OFFLINE_FUND | сумма=500.00
2025-12-17 15:14:37,101 [INFO] [Фаза 5. Шаг 13. Распространение блока всем участникам] Распределенный реестр - Блок 6 | tx=OFFLINE_FUND | сумма=500.00
2025-12-17 15:14:37,105 [INFO] [Фаза 5. Шаг 14. Верификация подписи ЦБ] Банки (ФО) - Блок 6 | tx=OFFLINE_FUND | сумма=500.00
2025-12-17 15:14:37,108 [INFO] [Фаза 5. Шаг 15. Проверка целостности блока] Банки (ФО) - Блок 6 | tx=OFFLINE_FUND | сумма=500.00
2025-12-17 15:14:37,113 [INFO] [Фаза 5. Шаг 16. Обновление локальных реестров] Банки (ФО) - Блок 6 | tx=OFFLINE_FUND | сумма=500.00
2025-12-17 15:14:37,117 [INFO] [Фаза 5. Шаг 17. Применение транзакций к балансам клиентов] Банки (ФО) - Блок 6 | tx=OFFLINE_FUND | сумма=500.00
2025-12-17 15:14:37,121 [INFO] [Фаза 6. Шаг 18. Подтверждение успешного обновления] Банки (ФО) - Блок 6 | tx=OFFLINE_FUND | сумма=500.00
2025-12-17 15:14:37,125 [INFO] [Фаза 6. Шаг 19. Получение уведомлений о подтверждении] Пользователи - Блок 6 | tx=OFFLINE_FUND | сумма=500.00
2025-12-17 15:14:37,129 [INFO] [Резерв для оффлайн] Физическое лицо #8ea2 - В оффлайн кошелек переведено 500.00 ЦР
2025-12-17 15:14:42,729 [INFO] [Шаг 1. Пользователь 1 запрашивает активацию оффлайн-кошелька] Физическое лицо #6af4 - Оффлайн перевод Физическое лицо #6af4 -> Физическое лицо #8ea2
2025-12-17 15:14:42,735 [INFO] [Шаг 2. ФО проверяет лимиты и резервирует средства] Финансовая организация 1 - Оффлайн перевод Физическое лицо #6af4 -> Физическое лицо #8ea2
2025-12-17 15:14:42,739 [INFO] [Шаг 3. ФО отправляет подтверждение резерва Пользователю 2] Финансовая организация 1 - Оффлайн перевод Физическое лицо #6af4 -> Физическое лицо #8ea2
2025-12-17 15:14:42,742 [INFO] [Шаг 4. Генерация временных ключей] Распределенный реестр - Оффлайн перевод Физическое лицо #6af4 -> Физическое лицо #8ea2
2025-12-17 15:14:42,746 [INFO] [Шаг 5. Передача криптопакета Пользователю 2] Распределенный реестр - Оффлайн перевод Физическое лицо #6af4 -> Физическое лицо #8ea2
2025-12-17 15:14:42,750 [INFO] [Шаг 6. Инициатор отправляет запрос на подписание] Физическое лицо #6af4 - Оффлайн перевод Физическое лицо #6af4 -> Физическое лицо #8ea2
2025-12-17 15:14:42,753 [INFO] [Шаг 7. Получатель формирует цифровую подпись] Физическое лицо #8ea2 - Оффлайн перевод Физическое лицо #6af4 -> Физическое лицо #8ea2
2025-12-17 15:14:42,756 [INFO] [Шаг 8. Передача платежных данных через NFC/QR] Физическое лицо #8ea2 - Оффлайн перевод Физическое лицо #6af4 -> Физическое лицо #8ea2
2025-12-17 15:14:42,760 [INFO] [Шаг 9. Сохранение операции в локальном хранилище] Физическое лицо #6af4 - Оффлайн перевод Физическое лицо #6af4 -> Физическое лицо #8ea2
2025-12-17 15:14:42,764 [INFO] [Шаг 10. Подтверждение получения для получателя] Физическое лицо #6af4 - Оффлайн перевод Физическое лицо #6af4 -> Физическое лицо #8ea2
2025-12-17 15:14:42,768 [INFO] [Инициация транзакции] Система - tx_id=tx-7be2f90b, sender_id=1, receiver_id=2, amount=200.00, bank_id=1
2025-12-17 15:14:42,815 [INFO] [Формирование core] Система - tx_id=tx-7be2f90b, core=tx-7be2f90b:1:2:200.:2025-12-17T12:14:42.768288
2025-12-17 15:14:42,820 [INFO] [Вычисление хеша транзакции] Система - tx_id=tx-7be2f90b, hash=a117a0fa9c055a82b2ebdf286b865f15
2025-12-17 15:14:42,983 [INFO] [ЭЦП пользователя] Система - tx_id=tx-7be2f90b, user_sig={"r":"2ee6594a6be9f3cc79d7f9e7e6...
2025-12-17 15:14:42,988 [INFO] [Электронная цифровая подпись банка (ФО)] Система - tx_id=tx-7be2f90b, bank_sig={"r":"17e4584f76d5f59f1494498d80...
2025-12-17 15:14:42,992 [INFO] [Формирование представления транзакции] Система - tx_id=tx-7be2f90b, sender=1, receiver=2, amount=200.00
2025-12-17 15:14:42,996 [INFO] [Вычисление хеша транзакции для ЭЦП] Система - tx_id=tx-7be2f90b, хеш для подписи=d48ac59c3542df7016aa866570216f70f75bc965df7a937b076709c9c7a11e11
2025-12-17 15:14:43,000 [INFO] [Электронная цифровая подпись (ЭЦП) транзакции] Система - tx_id=tx-7be2f90b, user_sig={"r":"2ee6594a6be9f3cc79d7f9e7e6..., bank_sig={"r":"17e4584f76d5f59f1494498d80...
2025-12-17 15:14:43,010 [INFO] [Валидация подписей] Система - tx_id=tx-7be2f90b, подписи валидны, подписи созданы
2025-12-17 15:14:43,026 [INFO] [Локальное хранение] Физическое лицо #6af4 - Операция помещена в локальное оффлайн хранилище
2025-12-17 15:14:45,448 [INFO] [Шаг 1. Пользователь 1 запрашивает активацию оффлайн-кошелька] Физическое лицо #6af4 - Оффлайн перевод Физическое лицо #6af4 -> Физическое лицо #8ea2
2025-12-17 15:14:45,454 [INFO] [Шаг 2. ФО проверяет лимиты и резервирует средства] Финансовая организация 1 - Оффлайн перевод Физическое лицо #6af4 -> Физическое лицо #8ea2
2025-12-17 15:14:45,458 [INFO] [Шаг 3. ФО отправляет подтверждение резерва Пользователю 2] Финансовая организация 1 - Оффлайн перевод Физическое лицо #6af4 -> Физическое лицо #8ea2
2025-12-17 15:14:45,462 [INFO] [Шаг 4. Генерация временных ключей] Распределенный реестр - Оффлайн перевод Физическое лицо #6af4 -> Физическое лицо #8ea2
2025-12-17 15:14:45,465 [INFO] [Шаг 5. Передача криптопакета Пользователю 2] Распределенный реестр - Оффлайн перевод Физическое лицо #6af4 -> Физическое лицо #8ea2
2025-12-17 15:14:45,469 [INFO] [Шаг 6. Инициатор отправляет запрос на подписание] Физическое лицо #6af4 - Оффлайн перевод Физическое лицо #6af4 -> Физическое лицо #8ea2
2025-12-17 15:14:45,473 [INFO] [Шаг 7. Получатель формирует цифровую подпись] Физическое лицо #8ea2 - Оффлайн перевод Физическое лицо #6af4 -> Физическое лицо #8ea2
2025-12-17 15:14:45,476 [INFO] [Шаг 8. Передача платежных данных через NFC/QR] Физическое лицо #8ea2 - Оффлайн перевод Физическое лицо #6af4 -> Физическое лицо #8ea2
2025-12-17 15:14:45,480 [INFO] [Шаг 9. Сохранение операции в локальном хранилище] Физическое лицо #6af4 - Оффлайн перевод Физическое лицо #6af4 -> Физическое лицо #8ea2
2025-12-17 15:14:45,483 [INFO] [Шаг 10. Подтверждение получения для получателя] Физическое лицо #6af4 - Оффлайн перевод Физическое лицо #6af4 -> Физическое лицо #8ea2
2025-12-17 15:14:45,487 [INFO] [Инициация транзакции] Система - tx_id=tx-323b9e8f, sender_id=1, receiver_id=2, amount=200.00, bank_id=1
2025-12-17 15:14:45,533 [INFO] [Формирование core] Система - tx_id=tx-323b9e8f, core=tx-323b9e8f:1:2:200.:2025-12-17T12:14:45.487113
2025-12-17 15:14:45,538 [INFO] [Вычисление хеша транзакции] Система - tx_id=tx-323b9e8f, hash=63f4b8907d2c572f9702560c534d77db
2025-12-17 15:14:45,719 [INFO] [ЭЦП пользователя] Система - tx_id=tx-323b9e8f, user_sig={"r":"23c00c58df1b62277e6a871dcc...
2025-12-17 15:14:45,724 [INFO] [Электронная цифровая подпись банка (ФО)] Система - tx_id=tx-323b9e8f, bank_sig={"r":"1b51c35c8c676a1aa83d217fc1...
2025-12-17 15:14:45,728 [INFO] [Формирование представления транзакции] Система - tx_id=tx-323b9e8f, sender=1, receiver=2, amount=200.00
2025-12-17 15:14:45,732 [INFO] [Вычисление хеша транзакции для ЭЦП] Система - tx_id=tx-323b9e8f, хеш для подписи=ee89f62661d1e4c8f5b1872c6d9beb8199f183c8ef41cb386aeb676a093a8012
2025-12-17 15:14:45,736 [INFO] [Электронная цифровая подпись (ЭЦП) транзакции] Система - tx_id=tx-323b9e8f, user_sig={"r":"23c00c58df1b62277e6a871dcc..., bank_sig={"r":"1b51c35c8c676a1aa83d217fc1...
2025-12-17 15:14:45,746 [INFO] [Валидация подписей] Система - tx_id=tx-323b9e8f, подписи валидны, подписи созданы
2025-12-17 15:14:45,763 [INFO] [Локальное хранение] Физическое лицо #6af4 - Операция помещена в локальное оффлайн хранилище
2025-12-17 15:14:52,379 [INFO] [Открытие цифрового кошелька] Юридическое лицо #b467 - Цифровой кошелек активирован пользователем
2025-12-17 15:14:55,626 [INFO] [Инициация смарт-контракта] Физическое лицо #6af4 - contract_id=sc-3383f0fb, creator_id=1, beneficiary_id=6, bank_id=1, amount=1000.00, description=Автоплатеж за коммунальные услуги
2025-12-17 15:14:55,825 [INFO] [Вычисление хеша смарт-контракта] Система - contract_id=sc-3383f0fb, hash=4f1f7460361f3be9d392e65c905b6a6c8dab50f13f60ff75f965d96a17ddd789
2025-12-17 15:14:55,831 [INFO] [ЭЦП создателя смарт-контракта] Физическое лицо #6af4 - contract_id=sc-3383f0fb, creator_sig={"r":"099ed1aff81655e33b4dfc5217ee88641f06c19d6ddb0583b494ae831cb7081d","s":"1ec7ab7504a9370a968cbe3081e32361daa5c6fd35e44421a58410cd23401cf6"}
2025-12-17 15:14:55,835 [INFO] [Электронная цифровая подпись банка (ФО) смарт-контракта] Финансовая организация 1 - contract_id=sc-3383f0fb, bank_sig={"r":"05d1a58fedb72e9fba43288f01271e5ad66cf4ea10742bbca68244bc43f93c3c","s":"0becd988d3e9c09357eced15e5a8e234682fbc8c7580d6df0ffa24ca09479fcc"}
2025-12-17 15:14:55,843 [INFO] [Регистрация смарт-контракта] Физическое лицо #6af4 - Контракт sc-3383f0fb создан для Юридическое лицо #b467
2025-12-17 15:14:55,847 [INFO] [Этап 1. Шаг 1. Передача кода и условий Банку (ФО)] Физическое лицо #6af4 - Контракт sc-3383f0fb: Физическое лицо #6af4 -> Юридическое лицо #b467
2025-12-17 15:14:55,851 [INFO] [Этап 1. Шаг 2. Регистрация контракта в системе ЦБ РФ] Финансовая организация 1 - Контракт sc-3383f0fb: Физическое лицо #6af4 -> Юридическое лицо #b467
2025-12-17 15:14:55,855 [INFO] [Этап 1. Шаг 3. Подтверждение создания контракта] ЦБ РФ - Контракт sc-3383f0fb: Физическое лицо #6af4 -> Юридическое лицо #b467
2025-12-17 15:14:55,859 [INFO] [Этап 1. Шаг 4a. Проверка синтаксиса контракта] ЦБ РФ - Контракт sc-3383f0fb: Физическое лицо #6af4 -> Юридическое лицо #b467
2025-12-17 15:14:55,862 [INFO] [Этап 1. Шаг 4b. Анализ безопасности кода] ЦБ РФ - Контракт sc-3383f0fb: Физическое лицо #6af4 -> Юридическое лицо #b467
2025-12-17 15:14:55,866 [INFO] [Этап 1. Шаг 4c. Проверка соответствия ГОСТ Р 57412-2017] ЦБ РФ - Контракт sc-3383f0fb: Физическое лицо #6af4 -> Юридическое лицо #b467
2025-12-17 15:14:55,870 [INFO] [Этап 1. Шаг 5. Передача контракта в распределенный реестр] ЦБ РФ - Контракт sc-3383f0fb: Физическое лицо #6af4 -> Юридическое лицо #b467
2025-12-17 15:14:55,873 [INFO] [Этап 1. Шаг 6. Уведомление о регистрации контракта] Распределенный реестр - Контракт sc-3383f0fb: Физическое лицо #6af4 -> Юридическое лицо #b467
2025-12-17 15:14:55,877 [INFO] [Этап 1. Шаг 7. Получение подтверждения записи] Финансовая организация 1 - Контракт sc-3383f0fb: Физическое лицо #6af4 -> Юридическое лицо #b467
2025-12-17 15:14:58,683 [INFO] [Инициация транзакции] Система - tx_id=tx-4cfcfea4, sender_id=1, receiver_id=6, amount=1000.00, bank_id=1
2025-12-17 15:14:58,729 [INFO] [Формирование core] Система - tx_id=tx-4cfcfea4, core=tx-4cfcfea4:1:6:1000.:2025-12-17T12:14:58.683560
2025-12-17 15:14:58,735 [INFO] [Вычисление хеша транзакции] Система - tx_id=tx-4cfcfea4, hash=160e72f16b8a5425a4f504e8610ca858
2025-12-17 15:14:58,899 [INFO] [ЭЦП пользователя] Система - tx_id=tx-4cfcfea4, user_sig={"r":"3098e5139b3bdaba79eb4acd9b...
2025-12-17 15:14:58,905 [INFO] [Электронная цифровая подпись банка (ФО)] Система - tx_id=tx-4cfcfea4, bank_sig={"r":"05324b661d7f8822deb7edb826...
2025-12-17 15:14:58,910 [INFO] [Формирование представления транзакции] Система - tx_id=tx-4cfcfea4, sender=1, receiver=6, amount=1000.00
2025-12-17 15:14:58,913 [INFO] [Вычисление хеша транзакции для ЭЦП] Система - tx_id=tx-4cfcfea4, хеш для подписи=197f509705c9b178e057b21aeadf4f139903f994a4fe8bbc0c94ba99e5fb2abb
2025-12-17 15:14:58,917 [INFO] [Электронная цифровая подпись (ЭЦП) транзакции] Система - tx_id=tx-4cfcfea4, user_sig={"r":"3098e5139b3bdaba79eb4acd9b..., bank_sig={"r":"05324b661d7f8822deb7edb826...
2025-12-17 15:14:58,928 [INFO] [Валидация подписей] Система - tx_id=tx-4cfcfea4, подписи валидны, подписи созданы
2025-12-17 15:14:59,124 [INFO] [Включение в блок] Система - tx_id=tx-4cfcfea4, block_height=7, block_hash=218ffe28b6e9042155ab7bf9ecd9a448b56e3a3a62fe07246f277d607015fb33
2025-12-17 15:14:59,177 [INFO] [Репликация блока] Финансовая организация 1 - Блок 7 реплицирован на узел Финансовая организация 1, транзакций: 1
2025-12-17 15:14:59,197 [INFO] [Репликация блока] Финансовая организация 2 - Блок 7 реплицирован на узел Финансовая организация 2, транзакций: 1
2025-12-17 15:14:59,223 [INFO] [Дополнительное распространение блока] P2P Сеть - Блок 7 дополнительно распространен на 2/2 узлов через P2P
2025-12-17 15:14:59,236 [INFO] [Репликация на узлы] Система - tx_id=tx-4cfcfea4, bank=Финансовая организация 1, status=успешно
2025-12-17 15:14:59,247 [INFO] [Репликация на узлы] Система - tx_id=tx-4cfcfea4, bank=Финансовая организация 2, status=успешно
2025-12-17 15:14:59,252 [INFO] [Фаза 1. Шаг 1. Передача подписанной транзакции в ФО] Пользователь - Блок 7 | tx=C2B | сумма=1000.00
2025-12-17 15:14:59,256 [INFO] [Фаза 1. Шаг 2. Первичная валидация транзакции] ФО - Блок 7 | tx=C2B | сумма=1000.00
2025-12-17 15:14:59,261 [INFO] [Фаза 1. Шаг 3. Отправка пакета в ЦБ РФ] ФО - Блок 7 | tx=C2B | сумма=1000.00
2025-12-17 15:14:59,264 [INFO] [Фаза 2. Шаг 4. Сбор транзакций от нескольких ФО] ЦБ РФ - Блок 7 | tx=C2B | сумма=1000.00
2025-12-17 15:14:59,268 [INFO] [Фаза 2. Шаг 5. Формирование блока-кандидата (prev hash, метка времени, nonce, меркле-дерево)] ЦБ РФ - Блок 7 | tx=C2B | сумма=1000.00
2025-12-17 15:14:59,271 [INFO] [Фаза 3. Шаг 6. Проверка цифровых подписей транзакций] ЦБ РФ - Блок 7 | tx=C2B | сумма=1000.00
2025-12-17 15:14:59,275 [INFO] [Фаза 3. Шаг 7. Контроль отсутствия двойного списания (UTXO)] ЦБ РФ - Блок 7 | tx=C2B | сумма=1000.00
2025-12-17 15:14:59,278 [INFO] [Фаза 3. Шаг 8. Проверка форматов данных и лимитов] ЦБ РФ - Блок 7 | tx=C2B | сумма=1000.00
2025-12-17 15:14:59,282 [INFO] [Фаза 3. Шаг 9. Проверка регуляторных требований] ЦБ РФ - Блок 7 | tx=C2B | сумма=1000.00
2025-12-17 15:14:59,285 [INFO] [Фаза 4. Шаг 10. Подписание блока приватным ключом] ЦБ РФ - Блок 7 | tx=C2B | сумма=1000.00
2025-12-17 15:14:59,289 [INFO] [Фаза 4. Шаг 11. Передача подписанного блока в реестр] ЦБ РФ - Блок 7 | tx=C2B | сумма=1000.00
2025-12-17 15:14:59,293 [INFO] [Фаза 4. Шаг 12. Верификация подписи ЦБ] Главный реестр - Блок 7 | tx=C2B | сумма=1000.00
2025-12-17 15:14:59,296 [INFO] [Фаза 5. Шаг 13. Распространение блока всем участникам] Распределенный реестр - Блок 7 | tx=C2B | сумма=1000.00
2025-12-17 15:14:59,300 [INFO] [Фаза 5. Шаг 14. Верификация подписи ЦБ] Банки (ФО) - Блок 7 | tx=C2B | сумма=1000.00
2025-12-17 15:14:59,303 [INFO] [Фаза 5. Шаг 15. Проверка целостности блока] Банки (ФО) - Блок 7 | tx=C2B | сумма=1000.00
2025-12-17 15:14:59,307 [INFO] [Фаза 5. Шаг 16. Обновление локальных реестров] Банки (ФО) - Блок 7 | tx=C2B | сумма=1000.00
2025-12-17 15:14:59,311 [INFO] [Фаза 5. Шаг 17. Применение транзакций к балансам клиентов] Банки (ФО) - Блок 7 | tx=C2B | сумма=1000.00
2025-12-17 15:14:59,314 [INFO] [Фаза 6. Шаг 18. Подтверждение успешного обновления] Банки (ФО) - Блок 7 | tx=C2B | сумма=1000.00
2025-12-17 15:14:59,318 [INFO] [Фаза 6. Шаг 19. Получение уведомлений о подтверждении] Пользователи - Блок 7 | tx=C2B | сумма=1000.00
2025-12-17 15:14:59,322 [INFO] [Финализация] Система - tx_id=tx-4cfcfea4, транзакция завершена
2025-12-17 15:14:59,329 [INFO] [Исполнение смарт-контракта] ЦБ РФ - Контракт sc-3383f0fb инициировал транзакцию tx-4cfcfea4
2025-12-17 15:14:59,332 [INFO] [Этап 2. Шаг 8. Запрос чтения состояния из реестра] Смарт-контракт - Исполнение контракта sc-3383f0fb
2025-12-17 15:14:59,336 [INFO] [Этап 2. Шаг 9. Возврат актуальных данных состояния] Распределенный реестр - Исполнение контракта sc-3383f0fb
2025-12-17 15:14:59,339 [INFO] [Этап 2. Шаг 10. Запрос внешних данных] Смарт-контракт - Исполнение контракта sc-3383f0fb
2025-12-17 15:14:59,342 [INFO] [Этап 2. Шаг 11. Предоставление верифицированных данных] Внешние источники данных - Исполнение контракта sc-3383f0fb
2025-12-17 15:14:59,346 [INFO] [Этап 2. Шаг 12. Вычисление новых состояний] Смарт-контракт - Исполнение контракта sc-3383f0fb
2025-12-17 15:14:59,350 [INFO] [Этап 2. Шаг 13. Запрос изменения состояния в реестре] Смарт-контракт - Исполнение контракта sc-3383f0fb
2025-12-17 15:14:59,353 [INFO] [Этап 2. Шаг 14. Запись нового состояния] Распределенный реестр - Исполнение контракта sc-3383f0fb
2025-12-17 15:14:59,356 [INFO] [Этап 2. Шаг 15. Подтверждение обновления] Распределенный реестр - Исполнение контракта sc-3383f0fb
2025-12-17 15:14:59,360 [INFO] [Этап 2. Шаг 16. Уведомление о фиксации изменений] Смарт-контракт - Исполнение контракта sc-3383f0fb
2025-12-17 15:14:59,363 [INFO] [Этап 3. Шаг 17. Формирование транзакционных записей] Финансовая организация 1 - Исполнение контракта sc-3383f0fb
2025-12-17 15:14:59,367 [INFO] [Этап 3. Шаг 18. Уведомление ЦБ РФ о готовности операции] Финансовая организация 1 - Исполнение контракта sc-3383f0fb
2025-12-17 15:14:59,370 [INFO] [Этап 3. Шаг 19. Подписание и фиксация блока транзакции] ЦБ РФ - Исполнение контракта sc-3383f0fb
2025-12-17 15:14:59,374 [INFO] [Этап 3. Шаг 20. Подтверждение выполнения транзакции] Распределенный реестр - Исполнение контракта sc-3383f0fb
2025-12-17 15:14:59,378 [INFO] [Этап 3. Шаг 21. Обновление статуса контракта на 'Исполнен'] Распределенный реестр - Исполнение контракта sc-3383f0fb
2025-12-17 15:14:59,381 [INFO] [Этап 3. Шаг 22. Уведомление участников о завершении] Распределенный реестр - Исполнение контракта sc-3383f0fb
2025-12-17 15:15:04,221 [ERROR] [OFFLINE_DOUBLE_SPEND] Обнаружена ошибка двойной траты: кошелек пользователя обратился дважды к UTXO ux-2b231ea6. Доступно 100.00, требуется 200.00 | Context: tx_id=tx-7be2f90b
2025-12-17 15:15:04,222 [INFO] [Шаг 11. Пользователь 1 выгружает оффлайн операции в ФО] Физическое лицо #6af4 - Синхронизация оффлайн транзакции tx-7be2f90b: Физическое лицо #6af4 -> Физическое лицо #8ea2
2025-12-17 15:15:04,225 [INFO] [Шаг 12. ФО передает операции в ЦБ РФ] Финансовая организация 1 - Синхронизация оффлайн транзакции tx-7be2f90b: Физическое лицо #6af4 -> Физическое лицо #8ea2
2025-12-17 15:15:04,229 [INFO] [Шаг 13. Валидация оффлайн-операций] ЦБ РФ - Синхронизация оффлайн транзакции tx-7be2f90b: Физическое лицо #6af4 -> Физическое лицо #8ea2
2025-12-17 15:15:04,233 [INFO] [Шаг 18. Обнаружен конфликт двойной траты, уведомление ФО] ЦБ РФ - Синхронизация оффлайн транзакции tx-7be2f90b: Физическое лицо #6af4 -> Физическое лицо #8ea2
2025-12-17 15:15:04,237 [INFO] [Шаг 19. Снятие резерва с основного кошелька] Финансовая организация 1 - Синхронизация оффлайн транзакции tx-7be2f90b: Физическое лицо #6af4 -> Физическое лицо #8ea2
2025-12-17 15:15:04,242 [INFO] [Шаг 20. Фиксация окончательного состояния (отказ)] Финансовая организация 1 - Синхронизация оффлайн транзакции tx-7be2f90b: Физическое лицо #6af4 -> Физическое лицо #8ea2
2025-12-17 15:15:04,246 [INFO] [Шаг 21. Уведомление Пользователя 1 о результате] Финансовая организация 1 - Синхронизация оффлайн транзакции tx-7be2f90b: Физическое лицо #6af4 -> Физическое лицо #8ea2
2025-12-17 15:15:04,250 [INFO] [Конфликт оффлайн UТХО] ЦБ РФ - Обнаружена ошибка двойной траты: кошелек пользователя обратился дважды к UTXO ux-2b231ea6. Доступно 100.00, требуется 200.00
2025-12-17 15:15:04,267 [ERROR] [OFFLINE_DOUBLE_SPEND] Обнаружена ошибка двойной траты: кошелек пользователя обратился дважды к UTXO ux-2b231ea6. Доступно 100.00, требуется 200.00 | Context: tx_id=tx-323b9e8f
2025-12-17 15:15:04,268 [INFO] [Шаг 11. Пользователь 1 выгружает оффлайн операции в ФО] Физическое лицо #6af4 - Синхронизация оффлайн транзакции tx-323b9e8f: Физическое лицо #6af4 -> Физическое лицо #8ea2
2025-12-17 15:15:04,272 [INFO] [Шаг 12. ФО передает операции в ЦБ РФ] Финансовая организация 1 - Синхронизация оффлайн транзакции tx-323b9e8f: Физическое лицо #6af4 -> Физическое лицо #8ea2
2025-12-17 15:15:04,276 [INFO] [Шаг 13. Валидация оффлайн-операций] ЦБ РФ - Синхронизация оффлайн транзакции tx-323b9e8f: Физическое лицо #6af4 -> Физическое лицо #8ea2
2025-12-17 15:15:04,280 [INFO] [Шаг 18. Обнаружен конфликт двойной траты, уведомление ФО] ЦБ РФ - Синхронизация оффлайн транзакции tx-323b9e8f: Физическое лицо #6af4 -> Физическое лицо #8ea2
2025-12-17 15:15:04,284 [INFO] [Шаг 19. Снятие резерва с основного кошелька] Финансовая организация 1 - Синхронизация оффлайн транзакции tx-323b9e8f: Физическое лицо #6af4 -> Физическое лицо #8ea2
2025-12-17 15:15:04,288 [INFO] [Шаг 20. Фиксация окончательного состояния (отказ)] Финансовая организация 1 - Синхронизация оффлайн транзакции tx-323b9e8f: Физическое лицо #6af4 -> Физическое лицо #8ea2
2025-12-17 15:15:04,292 [INFO] [Шаг 21. Уведомление Пользователя 1 о результате] Финансовая организация 1 - Синхронизация оффлайн транзакции tx-323b9e8f: Физическое лицо #6af4 -> Физическое лицо #8ea2
2025-12-17 15:15:04,296 [INFO] [Конфликт оффлайн UТХО] ЦБ РФ - Обнаружена ошибка двойной траты: кошелек пользователя обратился дважды к UTXO ux-2b231ea6. Доступно 100.00, требуется 200.00
2025-12-17 15:15:41,977 [INFO] [Шаг 1. Пользователь 1 запрашивает активацию оффлайн-кошелька] Физическое лицо #6af4 - Оффлайн перевод Физическое лицо #6af4 -> Физическое лицо #8ea2
2025-12-17 15:15:41,985 [INFO] [Шаг 2. ФО проверяет лимиты и резервирует средства] Финансовая организация 1 - Оффлайн перевод Физическое лицо #6af4 -> Физическое лицо #8ea2
2025-12-17 15:15:41,988 [INFO] [Шаг 3. ФО отправляет подтверждение резерва Пользователю 2] Финансовая организация 1 - Оффлайн перевод Физическое лицо #6af4 -> Физическое лицо #8ea2
2025-12-17 15:15:41,992 [INFO] [Шаг 4. Генерация временных ключей] Распределенный реестр - Оффлайн перевод Физическое лицо #6af4 -> Физическое лицо #8ea2
2025-12-17 15:15:41,996 [INFO] [Шаг 5. Передача криптопакета Пользователю 2] Распределенный реестр - Оффлайн перевод Физическое лицо #6af4 -> Физическое лицо #8ea2
2025-12-17 15:15:42,000 [INFO] [Шаг 6. Инициатор отправляет запрос на подписание] Физическое лицо #6af4 - Оффлайн перевод Физическое лицо #6af4 -> Физическое лицо #8ea2
2025-12-17 15:15:42,003 [INFO] [Шаг 7. Получатель формирует цифровую подпись] Физическое лицо #8ea2 - Оффлайн перевод Физическое лицо #6af4 -> Физическое лицо #8ea2
2025-12-17 15:15:42,007 [INFO] [Шаг 8. Передача платежных данных через NFC/QR] Физическое лицо #8ea2 - Оффлайн перевод Физическое лицо #6af4 -> Физическое лицо #8ea2
2025-12-17 15:15:42,011 [INFO] [Шаг 9. Сохранение операции в локальном хранилище] Физическое лицо #6af4 - Оффлайн перевод Физическое лицо #6af4 -> Физическое лицо #8ea2
2025-12-17 15:15:42,015 [INFO] [Шаг 10. Подтверждение получения для получателя] Физическое лицо #6af4 - Оффлайн перевод Физическое лицо #6af4 -> Физическое лицо #8ea2
2025-12-17 15:15:42,019 [INFO] [Инициация транзакции] Система - tx_id=tx-2a81b9f2, sender_id=1, receiver_id=2, amount=20.00, bank_id=1
2025-12-17 15:15:42,065 [INFO] [Формирование core] Система - tx_id=tx-2a81b9f2, core=tx-2a81b9f2:1:2:20.:2025-12-17T12:15:42.019123
2025-12-17 15:15:42,069 [INFO] [Вычисление хеша транзакции] Система - tx_id=tx-2a81b9f2, hash=5528cc2f439f5d639d75ef1a33b596d9
2025-12-17 15:15:42,229 [INFO] [ЭЦП пользователя] Система - tx_id=tx-2a81b9f2, user_sig={"r":"03161ce6875d79f5f5ba937865...
2025-12-17 15:15:42,234 [INFO] [Электронная цифровая подпись банка (ФО)] Система - tx_id=tx-2a81b9f2, bank_sig={"r":"334c9c831fe992a369124a0a26...
2025-12-17 15:15:42,238 [INFO] [Формирование представления транзакции] Система - tx_id=tx-2a81b9f2, sender=1, receiver=2, amount=20.00
2025-12-17 15:15:42,242 [INFO] [Вычисление хеша транзакции для ЭЦП] Система - tx_id=tx-2a81b9f2, хеш для подписи=04d2deaf8ae70b2ae8fe9ea583f198186048585bacafa5c25ee61fbeccc79688
2025-12-17 15:15:42,246 [INFO] [Электронная цифровая подпись (ЭЦП) транзакции] Система - tx_id=tx-2a81b9f2, user_sig={"r":"03161ce6875d79f5f5ba937865..., bank_sig={"r":"334c9c831fe992a369124a0a26...
2025-12-17 15:15:42,257 [INFO] [Валидация подписей] Система - tx_id=tx-2a81b9f2, подписи валидны, подписи созданы
2025-12-17 15:15:42,275 [INFO] [Локальное хранение] Физическое лицо #6af4 - Операция помещена в локальное оффлайн хранилище
2025-12-17 15:15:48,295 [INFO] [Шаг 1. Пользователь 1 запрашивает активацию оффлайн-кошелька] Физическое лицо #6af4 - Оффлайн перевод Физическое лицо #6af4 -> Физическое лицо #8ea2
2025-12-17 15:15:48,300 [INFO] [Шаг 2. ФО проверяет лимиты и резервирует средства] Финансовая организация 1 - Оффлайн перевод Физическое лицо #6af4 -> Физическое лицо #8ea2
2025-12-17 15:15:48,304 [INFO] [Шаг 3. ФО отправляет подтверждение резерва Пользователю 2] Финансовая организация 1 - Оффлайн перевод Физическое лицо #6af4 -> Физическое лицо #8ea2
2025-12-17 15:15:48,332 [INFO] [Шаг 4. Генерация временных ключей] Распределенный реестр - Оффлайн перевод Физическое лицо #6af4 -> Физическое лицо #8ea2
2025-12-17 15:15:48,336 [INFO] [Шаг 5. Передача криптопакета Пользователю 2] Распределенный реестр - Оффлайн перевод Физическое лицо #6af4 -> Физическое лицо #8ea2
2025-12-17 15:15:48,340 [INFO] [Шаг 6. Инициатор отправляет запрос на подписание] Физическое лицо #6af4 - Оффлайн перевод Физическое лицо #6af4 -> Физическое лицо #8ea2
2025-12-17 15:15:48,344 [INFO] [Шаг 7. Получатель формирует цифровую подпись] Физическое лицо #8ea2 - Оффлайн перевод Физическое лицо #6af4 -> Физическое лицо #8ea2
2025-12-17 15:15:48,348 [INFO] [Шаг 8. Передача платежных данных через NFC/QR] Физическое лицо #8ea2 - Оффлайн перевод Физическое лицо #6af4 -> Физическое лицо #8ea2
2025-12-17 15:15:48,352 [INFO] [Шаг 9. Сохранение операции в локальном хранилище] Физическое лицо #6af4 - Оффлайн перевод Физическое лицо #6af4 -> Физическое лицо #8ea2
2025-12-17 15:15:48,357 [INFO] [Шаг 10. Подтверждение получения для получателя] Физическое лицо #6af4 - Оффлайн перевод Физическое лицо #6af4 -> Физическое лицо #8ea2
2025-12-17 15:15:48,361 [INFO] [Инициация транзакции] Система - tx_id=tx-cff873d5, sender_id=1, receiver_id=2, amount=20.00, bank_id=1
2025-12-17 15:15:48,479 [INFO] [Формирование core] Система - tx_id=tx-cff873d5, core=tx-cff873d5:1:2:20.:2025-12-17T12:15:48.361048
2025-12-17 15:15:48,484 [INFO] [Вычисление хеша транзакции] Система - tx_id=tx-cff873d5, hash=7191c397af1f522babf9213acd5ed744
2025-12-17 15:15:48,929 [INFO] [ЭЦП пользователя] Система - tx_id=tx-cff873d5, user_sig={"r":"18e13b9baaa132900fc83d32f5...
2025-12-17 15:15:48,933 [INFO] [Электронная цифровая подпись банка (ФО)] Система - tx_id=tx-cff873d5, bank_sig={"r":"10e9c14397e25c80f94329e86d...
2025-12-17 15:15:48,938 [INFO] [Формирование представления транзакции] Система - tx_id=tx-cff873d5, sender=1, receiver=2, amount=20.00
2025-12-17 15:15:48,942 [INFO] [Вычисление хеша транзакции для ЭЦП] Система - tx_id=tx-cff873d5, хеш для подписи=fa1cadfb4466a7a15e059ed0a20859af5c4e6521734f259d6542cc0e448681ea
2025-12-17 15:15:48,946 [INFO] [Электронная цифровая подпись (ЭЦП) транзакции] Система - tx_id=tx-cff873d5, user_sig={"r":"18e13b9baaa132900fc83d32f5..., bank_sig={"r":"10e9c14397e25c80f94329e86d...
2025-12-17 15:15:48,958 [INFO] [Валидация подписей] Система - tx_id=tx-cff873d5, подписи валидны, подписи созданы
2025-12-17 15:15:48,977 [INFO] [Локальное хранение] Физическое лицо #6af4 - Операция помещена в локальное оффлайн хранилище
2025-12-17 15:15:54,069 [INFO] [Репликация блока] Финансовая организация 1 - Блок 8 реплицирован на узел Финансовая организация 1, транзакций: 1
2025-12-17 15:15:54,091 [INFO] [Репликация блока] Финансовая организация 2 - Блок 8 реплицирован на узел Финансовая организация 2, транзакций: 1
2025-12-17 15:15:54,116 [INFO] [Дополнительное распространение блока] P2P Сеть - Блок 8 дополнительно распространен на 2/2 узлов через P2P
2025-12-17 15:15:54,124 [INFO] [Обработка оффлайн транзакции] ЦБ РФ - Транзакция tx-2a81b9f2 включена в блок 8
2025-12-17 15:15:54,128 [INFO] [Шаг 11. Пользователь 1 выгружает оффлайн операции в ФО] Физическое лицо #6af4 - Синхронизация оффлайн транзакции tx-2a81b9f2: Физическое лицо #6af4 -> Физическое лицо #8ea2
2025-12-17 15:15:54,131 [INFO] [Шаг 12. ФО передает операции в ЦБ РФ] Финансовая организация 1 - Синхронизация оффлайн транзакции tx-2a81b9f2: Физическое лицо #6af4 -> Физическое лицо #8ea2
2025-12-17 15:15:54,135 [INFO] [Шаг 13. Валидация оффлайн-операций] ЦБ РФ - Синхронизация оффлайн транзакции tx-2a81b9f2: Физическое лицо #6af4 -> Физическое лицо #8ea2
2025-12-17 15:15:54,138 [INFO] [Шаг 14. Включение операции в блок] ЦБ РФ - Синхронизация оффлайн транзакции tx-2a81b9f2: Физическое лицо #6af4 -> Физическое лицо #8ea2
2025-12-17 15:15:54,142 [INFO] [Шаг 15. Обновление балансов участников] ЦБ РФ - Синхронизация оффлайн транзакции tx-2a81b9f2: Физическое лицо #6af4 -> Физическое лицо #8ea2
2025-12-17 15:15:54,146 [INFO] [Шаг 16. Уведомление ФО о синхронизации] ЦБ РФ - Синхронизация оффлайн транзакции tx-2a81b9f2: Физическое лицо #6af4 -> Физическое лицо #8ea2
2025-12-17 15:15:54,149 [INFO] [Шаг 17. Уведомление пользователей 1 и 2] Финансовая организация 1 - Синхронизация оффлайн транзакции tx-2a81b9f2: Физическое лицо #6af4 -> Физическое лицо #8ea2
2025-12-17 15:15:54,153 [INFO] [Шаг 18. Проверка повторной авторизации (конфликтов нет)] ЦБ РФ - Синхронизация оффлайн транзакции tx-2a81b9f2: Физическое лицо #6af4 -> Физическое лицо #8ea2
2025-12-17 15:15:54,156 [INFO] [Шаг 19. Снятие резерва с основного кошелька] Финансовая организация 1 - Синхронизация оффлайн транзакции tx-2a81b9f2: Физическое лицо #6af4 -> Физическое лицо #8ea2
2025-12-17 15:15:54,160 [INFO] [Шаг 20. Фиксация окончательного состояния] Финансовая организация 1 - Синхронизация оффлайн транзакции tx-2a81b9f2: Физическое лицо #6af4 -> Физическое лицо #8ea2
2025-12-17 15:15:54,164 [INFO] [Шаг 21. Уведомление Пользователя 1 о завершении] Финансовая организация 1 - Синхронизация оффлайн транзакции tx-2a81b9f2: Физическое лицо #6af4 -> Физическое лицо #8ea2
2025-12-17 15:15:54,324 [INFO] [Репликация блока] Финансовая организация 1 - Блок 9 реплицирован на узел Финансовая организация 1, транзакций: 1
2025-12-17 15:15:54,345 [INFO] [Репликация блока] Финансовая организация 2 - Блок 9 реплицирован на узел Финансовая организация 2, транзакций: 1
2025-12-17 15:15:54,370 [INFO] [Дополнительное распространение блока] P2P Сеть - Блок 9 дополнительно распространен на 2/2 узлов через P2P
2025-12-17 15:15:54,378 [INFO] [Обработка оффлайн транзакции] ЦБ РФ - Транзакция tx-cff873d5 включена в блок 9
2025-12-17 15:15:54,383 [INFO] [Шаг 11. Пользователь 1 выгружает оффлайн операции в ФО] Физическое лицо #6af4 - Синхронизация оффлайн транзакции tx-cff873d5: Физическое лицо #6af4 -> Физическое лицо #8ea2
2025-12-17 15:15:54,386 [INFO] [Шаг 12. ФО передает операции в ЦБ РФ] Финансовая организация 1 - Синхронизация оффлайн транзакции tx-cff873d5: Физическое лицо #6af4 -> Физическое лицо #8ea2
2025-12-17 15:15:54,389 [INFO] [Шаг 13. Валидация оффлайн-операций] ЦБ РФ - Синхронизация оффлайн транзакции tx-cff873d5: Физическое лицо #6af4 -> Физическое лицо #8ea2
2025-12-17 15:15:54,393 [INFO] [Шаг 14. Включение операции в блок] ЦБ РФ - Синхронизация оффлайн транзакции tx-cff873d5: Физическое лицо #6af4 -> Физическое лицо #8ea2
2025-12-17 15:15:54,398 [INFO] [Шаг 15. Обновление балансов участников] ЦБ РФ - Синхронизация оффлайн транзакции tx-cff873d5: Физическое лицо #6af4 -> Физическое лицо #8ea2
2025-12-17 15:15:54,402 [INFO] [Шаг 16. Уведомление ФО о синхронизации] ЦБ РФ - Синхронизация оффлайн транзакции tx-cff873d5: Физическое лицо #6af4 -> Физическое лицо #8ea2
2025-12-17 15:15:54,406 [INFO] [Шаг 17. Уведомление пользователей 1 и 2] Финансовая организация 1 - Синхронизация оффлайн транзакции tx-cff873d5: Физическое лицо #6af4 -> Физическое лицо #8ea2
2025-12-17 15:15:54,409 [INFO] [Шаг 18. Проверка повторной авторизации (конфликтов нет)] ЦБ РФ - Синхронизация оффлайн транзакции tx-cff873d5: Физическое лицо #6af4 -> Физическое лицо #8ea2
2025-12-17 15:15:54,413 [INFO] [Шаг 19. Снятие резерва с основного кошелька] Финансовая организация 1 - Синхронизация оффлайн транзакции tx-cff873d5: Физическое лицо #6af4 -> Физическое лицо #8ea2
2025-12-17 15:15:54,416 [INFO] [Шаг 20. Фиксация окончательного состояния] Финансовая организация 1 - Синхронизация оффлайн транзакции tx-cff873d5: Физическое лицо #6af4 -> Физическое лицо #8ea2
2025-12-17 15:15:54,421 [INFO] [Шаг 21. Уведомление Пользователя 1 о завершении] Финансовая организация 1 - Синхронизация оффлайн транзакции tx-cff873d5: Физическое лицо #6af4 -> Физическое лицо #8ea2
2025-12-17 15:30:39,178 [INFO] [Эмиссия] Финансовая организация 1 - ФО формирует запрос и подписывает его на сумму 100000.00
2025-12-17 15:30:39,186 [INFO] [Эмиссия] Финансовая организация 1 - ЦБ верифицирует подпись и остаток по корсчету на сумму 100000.00
2025-12-17 15:30:39,186 [INFO] [Эмиссия] Финансовая организация 1 - ЦБ создает запись UTXO в реестре на сумму 100000.00
2025-12-17 15:30:39,194 [INFO] [Эмиссия] Финансовая организация 1 - Реестр подтверждает создание на сумму 100000.00
2025-12-17 15:30:39,194 [INFO] [Эмиссия] Финансовая организация 1 - ЦБ уведомляет ФО об успешной эмиссии на сумму 100000.00
2025-12-17 15:30:39,202 [INFO] [Эмиссия] Финансовая организация 1 - ФО отражает поступление в локальном хранилище на сумму 100000.00
2025-12-17 15:30:45,091 [INFO] [Эмиссия подтверждена] ЦБ РФ - Банк Финансовая организация 1 получил 100000.0 ЦР
